#
# A fatal error has been detected by the Java Runtime Environment:
#
#  SIGSEGV (0xb) at pc=0x000000010f727685, pid=37719, tid=14595
#
# JRE version: Java(TM) SE Runtime Environment (7.0_45-b18) (build 1.7.0_45-b18)
# Java VM: Java HotSpot(TM) 64-Bit Server VM (24.45-b08 mixed mode bsd-amd64 compressed oops)
# Problematic frame:
# C  [libsfml-window.dylib+0x12685]  _Z11releasePoolv+0x15
#
# Failed to write core dump. Core dumps have been disabled. To enable core dumping, try "ulimit -c unlimited" before starting Java again
#
# If you would like to submit a bug report, please visit:
#   http://bugreport.sun.com/bugreport/crash.jsp
# The crash happened outside the Java Virtual Machine in native code.
# See problematic frame for where to report the bug.
#

---------------  T H R E A D  ---------------

Current thread (0x00007fe4d3008000):  JavaThread "Finalizer" daemon [_thread_in_native, id=14595, stack(0x000000010eb23000,0x000000010ec23000)]

siginfo:si_signo=SIGSEGV: si_errno=0, si_code=1 (SEGV_MAPERR), si_addr=0x0000000000000000

Registers:
RAX=0x0000000000000000, RBX=0x00007fe4d1e27f50, RCX=0x00000000000fc080, RDX=0x0000000000000000
RSP=0x000000010ec222e0, RBP=0x000000010ec222f0, RSI=0x00007fff91aa9666, RDI=0x0000000000000108
R8 =0x00007fe4d1e1e0a0, R9 =0x00007fe4d1e27200, R10=0x00000000372ec9aa, R11=0x00000000aefc25f5
R12=0x0000000000000000, R13=0x000000077b1cd5a8, R14=0x000000010ec223d8, R15=0x00007fe4d3008000
RIP=0x000000010f727685, EFLAGS=0x0000000000010202, ERR=0x0000000000000004
  TRAPNO=0x000000000000000e

Top of Stack: (sp=0x000000010ec222e0)
0x000000010ec222e0:   00007fe4d1e27f50 00007fe4d1e27f50
0x000000010ec222f0:   000000010ec22310 000000010f722f8a
0x000000010ec22300:   00007fe4d1e2a860 000000010ec223d8
0x000000010ec22310:   000000010ec22330 000000010f71a47c
0x000000010ec22320:   000000077b1cd5a8 000000010ec223d8
0x000000010ec22330:   000000010ec22360 000000010f85088d
0x000000010ec22340:   000000077b1cd5a8 00007fe4d1e2a860
0x000000010ec22350:   000000010ec223d8 00007fe4d30081e8
0x000000010ec22360:   000000010ec223b8 00000001053cc698
0x000000010ec22370:   000000010ec223d0 000000010ec22378
0x000000010ec22380:   000000077b1cd5a8 000000010ec223d8
0x000000010ec22390:   000000077b1cf688 0000000000000000
0x000000010ec223a0:   000000077b1cd5a8 0000000000000000
0x000000010ec223b0:   000000010ec223e0 000000010ec22490
0x000000010ec223c0:   000000010542f074 0000000000000000
0x000000010ec223d0:   00000001053c8cd8 00000007811b9d78
0x000000010ec223e0:   00000007811b9d78 00007fe4d1e03970
0x000000010ec223f0:   000000010ec22440 00000001048b7f8b
0x000000010ec22400:   00007fe4d1e03960 0000000000000001
0x000000010ec22410:   000000010ec22490 00000001053ba4e7
0x000000010ec22420:   00000001053ba4e7 00000007811b9d78
0x000000010ec22430:   0000000000001fa0 0000000000000001
0x000000010ec22440:   00007fe4d3008000 00000001053ba45f
0x000000010ec22450:   000000000000000a 00007fe4d1e03910
0x000000010ec22460:   000000010ec22510 000000010ec227e8
0x000000010ec22470:   000000000000000a 000000077b0a9730
0x000000010ec22480:   00000001053f2920 000000010ec225d8
0x000000010ec22490:   000000010ec22580 0000000104ae9d90
0x000000010ec224a0:   0000450000000001 00007fe4d3008000
0x000000010ec224b0:   000000000ec224e0 000000010ec227e8
0x000000010ec224c0:   00000101d1e03968 00000001053f2920
0x000000010ec224d0:   000000010ec225d0 00007fe4d3008000 

Instructions: (pc=0x000000010f727685)
0x000000010f727665:   c3 66 2e 0f 1f 84 00 00 00 00 00 55 48 89 e5 53
0x000000010f727675:   48 83 ec 08 48 8d 3d c0 c0 00 00 e8 bd 01 00 00
0x000000010f727685:   8b 08 ff c9 89 08 85 c9 75 49 48 89 c3 48 8b 7b
0x000000010f727695:   08 48 8d 35 63 a8 00 00 ff 15 5d a8 00 00 48 c7 

Register to memory mapping:

RAX=0x0000000000000000 is an unknown value
RBX=0x00007fe4d1e27f50 is an unknown value
RCX=0x00000000000fc080 is an unknown value
RDX=0x0000000000000000 is an unknown value
RSP=0x000000010ec222e0 is pointing into the stack for thread: 0x00007fe4d3008000
RBP=0x000000010ec222f0 is pointing into the stack for thread: 0x00007fe4d3008000
RSI=0x00007fff91aa9666: NSAppKitVersionNumber+0x56 in /System/Library/Frameworks/AppKit.framework/Versions/C/AppKit at 0x00007fff91059000
RDI=0x0000000000000108 is an unknown value
R8 =0x00007fe4d1e1e0a0 is an unknown value
R9 =0x00007fe4d1e27200 is an unknown value
R10=0x00000000372ec9aa is an unknown value
R11=0x00000000aefc25f5 is an unknown value
R12=0x0000000000000000 is an unknown value
R13=0x000000077b1cd5a8 is an oop
{method} 
 - klass: {other class}
R14=0x000000010ec223d8 is pointing into the stack for thread: 0x00007fe4d3008000
R15=0x00007fe4d3008000 is a thread


Stack: [0x000000010eb23000,0x000000010ec23000],  sp=0x000000010ec222e0,  free space=1020k
Native frames: (J=compiled Java code, j=interpreted, Vv=VM code, C=native code)
C  [libsfml-window.dylib+0x12685]  _Z11releasePoolv+0x15
C  [libsfml-window.dylib+0xdf8a]  _ZN2sf4priv9SFContextD0Ev+0x6c
C  [libsfml-window.dylib+0x547c]  _ZN2sf7ContextD1Ev+0x1e
C  [libjsfml.jnilib+0xd88d]  Java_org_jsfml_window_Context_nativeDelete+0x3d
j  org.jsfml.window.Context.nativeDelete()V+0
J  org.jsfml.internal.SFMLNativeObject.finalize()V
V  [libjvm.dylib+0x2d6d90]
V  [libjvm.dylib+0x2d6b60]
V  [libjvm.dylib+0x30a605]
V  [libjvm.dylib+0x2fe176]
C  [libjava.dylib+0x299c]  Java_java_lang_ref_Finalizer_invokeFinalizeMethod+0x58
j  java.lang.ref.Finalizer.invokeFinalizeMethod(Ljava/lang/Object;)V+0
j  java.lang.ref.Finalizer.runFinalizer()V+45
j  java.lang.ref.Finalizer.access$100(Ljava/lang/ref/Finalizer;)V+1
j  java.lang.ref.Finalizer$FinalizerThread.run()V+24
v  ~StubRoutines::call_stub
V  [libjvm.dylib+0x2d6d90]
V  [libjvm.dylib+0x2d72a7]
V  [libjvm.dylib+0x2d73e4]
V  [libjvm.dylib+0x3263ca]
V  [libjvm.dylib+0x4efb47]
V  [libjvm.dylib+0x4f124f]
V  [libjvm.dylib+0x41b1c6]
C  [libsystem_pthread.dylib+0x1899]  _pthread_body+0x8a
C  [libsystem_pthread.dylib+0x172a]  _pthread_struct_init+0x0
C  [libsystem_pthread.dylib+0x5fc9]  thread_start+0xd

Java frames: (J=compiled Java code, j=interpreted, Vv=VM code)
j  org.jsfml.window.Context.nativeDelete()V+0
J  org.jsfml.internal.SFMLNativeObject.finalize()V
v  ~StubRoutines::call_stub
j  java.lang.ref.Finalizer.invokeFinalizeMethod(Ljava/lang/Object;)V+0
j  java.lang.ref.Finalizer.runFinalizer()V+45
j  java.lang.ref.Finalizer.access$100(Ljava/lang/ref/Finalizer;)V+1
j  java.lang.ref.Finalizer$FinalizerThread.run()V+24
v  ~StubRoutines::call_stub

---------------  P R O C E S S  ---------------

Java Threads: ( => current thread )
  0x00007fe4d30c9000 JavaThread "DestroyJavaVM" [_thread_blocked, id=1287, stack(0x00007fff5bc88000,0x00007fff5bd08000)]
  0x00007fe4d28ca000 JavaThread "Thread-1" [_thread_in_Java, id=33539, stack(0x0000000113cd8000,0x0000000113dd8000)]
  0x00007fe4d3091800 JavaThread "Thread-0" [_thread_in_native, id=33039, stack(0x0000000113bd5000,0x0000000113cd5000)]
  0x00007fe4d202e800 JavaThread "Service Thread" daemon [_thread_blocked, id=18691, stack(0x000000010ef75000,0x000000010f075000)]
  0x00007fe4d202d800 JavaThread "C2 CompilerThread1" daemon [_thread_blocked, id=18179, stack(0x000000010ee72000,0x000000010ef72000)]
  0x00007fe4d282c800 JavaThread "C2 CompilerThread0" daemon [_thread_blocked, id=17667, stack(0x000000010ed6f000,0x000000010ee6f000)]
  0x00007fe4d2825000 JavaThread "Signal Dispatcher" daemon [_thread_blocked, id=17163, stack(0x000000010ec6c000,0x000000010ed6c000)]
=>0x00007fe4d3008000 JavaThread "Finalizer" daemon [_thread_in_native, id=14595, stack(0x000000010eb23000,0x000000010ec23000)]
  0x00007fe4d3005000 JavaThread "Reference Handler" daemon [_thread_blocked, id=14083, stack(0x000000010ea20000,0x000000010eb20000)]

Other Threads:
  0x00007fe4d3820800 VMThread [stack: 0x000000010e91d000,0x000000010ea1d000] [id=13571]
  0x00007fe4d202f000 WatcherThread [stack: 0x000000010f078000,0x000000010f178000] [id=19203]

VM state:not at safepoint (normal execution)

VM Mutex/Monitor currently owned by a thread: None

Heap
 PSYoungGen      total 38912K, used 13640K [0x00000007d5500000, 0x00000007d8000000, 0x0000000800000000)
  eden space 33792K, 25% used [0x00000007d5500000,0x00000007d5d52fb0,0x00000007d7600000)
  from space 5120K, 99% used [0x00000007d7b00000,0x00000007d7fff140,0x00000007d8000000)
  to   space 5120K, 0% used [0x00000007d7600000,0x00000007d7600000,0x00000007d7b00000)
 ParOldGen       total 87040K, used 18528K [0x0000000780000000, 0x0000000785500000, 0x00000007d5500000)
  object space 87040K, 21% used [0x0000000780000000,0x0000000781218340,0x0000000785500000)
 PSPermGen       total 21504K, used 4587K [0x000000077ae00000, 0x000000077c300000, 0x0000000780000000)
  object space 21504K, 21% used [0x000000077ae00000,0x000000077b27ad60,0x000000077c300000)

Card table byte_map: [0x000000010847a000,0x00000001088a4000] byte_map_base: 0x00000001048a3000

Polling page: 0x0000000103ffa000

Code Cache  [0x00000001053ba000, 0x000000010562a000, 0x00000001083ba000)
 total_blobs=342 nmethods=101 adapters=195 free_code_cache=48547Kb largest_free_block=49684096

Compilation events (10 events):
Event: 31.969 Thread 0x00007fe4d202d800   98             gesture.GesteSysteme::menu (119 bytes)
Event: 31.972 Thread 0x00007fe4d282c800   99             TUIO.TuioContainer::getTuioState (5 bytes)
Event: 31.972 Thread 0x00007fe4d282c800 nmethod 99 0x0000000105443b90 code [0x0000000105443cc0, 0x0000000105443d18]
Event: 31.973 Thread 0x00007fe4d282c800  100             TUIO.TuioContainer::getPosition (16 bytes)
Event: 31.977 Thread 0x00007fe4d282c800 nmethod 100 0x0000000105435990 code [0x0000000105435b00, 0x0000000105435d98]
Event: 31.979 Thread 0x00007fe4d202d800 nmethod 98 0x0000000105444bd0 code [0x0000000105444dc0, 0x0000000105445430]
Event: 31.980 Thread 0x00007fe4d282c800  101 %           gesture.GesteSysteme::menu @ 16 (119 bytes)
Event: 31.995 Thread 0x00007fe4d282c800 nmethod 101% 0x0000000105443f10 code [0x0000000105444100, 0x0000000105444670]
Event: 31.999 Thread 0x00007fe4d202d800  102             sun.misc.VM::addFinalRefCount (24 bytes)
Event: 31.999 Thread 0x00007fe4d202d800 nmethod 102 0x0000000105443990 code [0x0000000105443ac0, 0x0000000105443b38]

GC Heap History (4 events):
Event: 10.577 GC heap before
{Heap before GC invocations=1 (full 0):
 PSYoungGen      total 38912K, used 33792K [0x00000007d5500000, 0x00000007d8000000, 0x0000000800000000)
  eden space 33792K, 100% used [0x00000007d5500000,0x00000007d7600000,0x00000007d7600000)
  from space 5120K, 0% used [0x00000007d7b00000,0x00000007d7b00000,0x00000007d8000000)
  to   space 5120K, 0% used [0x00000007d7600000,0x00000007d7600000,0x00000007d7b00000)
 ParOldGen       total 87040K, used 0K [0x0000000780000000, 0x0000000785500000, 0x00000007d5500000)
  object space 87040K, 0% used [0x0000000780000000,0x0000000780000000,0x0000000785500000)
 PSPermGen       total 21504K, used 4498K [0x000000077ae00000, 0x000000077c300000, 0x0000000780000000)
  object space 21504K, 20% used [0x000000077ae00000,0x000000077b264aa8,0x000000077c300000)
Event: 10.589 GC heap after
Heap after GC invocations=1 (full 0):
 PSYoungGen      total 38912K, used 5088K [0x00000007d5500000, 0x00000007d8000000, 0x0000000800000000)
  eden space 33792K, 0% used [0x00000007d5500000,0x00000007d5500000,0x00000007d7600000)
  from space 5120K, 99% used [0x00000007d7600000,0x00000007d7af8040,0x00000007d7b00000)
  to   space 5120K, 0% used [0x00000007d7b00000,0x00000007d7b00000,0x00000007d8000000)
 ParOldGen       total 87040K, used 9288K [0x0000000780000000, 0x0000000785500000, 0x00000007d5500000)
  object space 87040K, 10% used [0x0000000780000000,0x0000000780912320,0x0000000785500000)
 PSPermGen       total 21504K, used 4498K [0x000000077ae00000, 0x000000077c300000, 0x0000000780000000)
  object space 21504K, 20% used [0x000000077ae00000,0x000000077b264aa8,0x000000077c300000)
}
Event: 31.981 GC heap before
{Heap before GC invocations=2 (full 0):
 PSYoungGen      total 38912K, used 38880K [0x00000007d5500000, 0x00000007d8000000, 0x0000000800000000)
  eden space 33792K, 100% used [0x00000007d5500000,0x00000007d7600000,0x00000007d7600000)
  from space 5120K, 99% used [0x00000007d7600000,0x00000007d7af8040,0x00000007d7b00000)
  to   space 5120K, 0% used [0x00000007d7b00000,0x00000007d7b00000,0x00000007d8000000)
 ParOldGen       total 87040K, used 9288K [0x0000000780000000, 0x0000000785500000, 0x00000007d5500000)
  object space 87040K, 10% used [0x0000000780000000,0x0000000780912320,0x0000000785500000)
 PSPermGen       total 21504K, used 4583K [0x000000077ae00000, 0x000000077c300000, 0x0000000780000000)
  object space 21504K, 21% used [0x000000077ae00000,0x000000077b279c78,0x000000077c300000)
Event: 31.990 GC heap after
Heap after GC invocations=2 (full 0):
 PSYoungGen      total 38912K, used 5116K [0x00000007d5500000, 0x00000007d8000000, 0x0000000800000000)
  eden space 33792K, 0% used [0x00000007d5500000,0x00000007d5500000,0x00000007d7600000)
  from space 5120K, 99% used [0x00000007d7b00000,0x00000007d7fff140,0x00000007d8000000)
  to   space 5120K, 0% used [0x00000007d7600000,0x00000007d7600000,0x00000007d7b00000)
 ParOldGen       total 87040K, used 18528K [0x0000000780000000, 0x0000000785500000, 0x00000007d5500000)
  object space 87040K, 21% used [0x0000000780000000,0x0000000781218340,0x0000000785500000)
 PSPermGen       total 21504K, used 4583K [0x000000077ae00000, 0x000000077c300000, 0x0000000780000000)
  object space 21504K, 21% used [0x000000077ae00000,0x000000077b279c78,0x000000077c300000)
}

Deoptimization events (3 events):
Event: 10.532 Thread 0x00007fe4d3091800 Uncommon trap: reason=unreached action=reinterpret pc=0x000000010542f8f4 method=java.lang.ThreadLocal$ThreadLocalMap.getEntry(Ljava/lang/ThreadLocal;)Ljava/lang/ThreadLocal$ThreadLocalMap$Entry; @ 21
Event: 10.534 Thread 0x00007fe4d3091800 Uncommon trap: reason=unreached action=reinterpret pc=0x000000010542fd08 method=java.lang.ThreadLocal$ThreadLocalMap.getEntry(Ljava/lang/ThreadLocal;)Ljava/lang/ThreadLocal$ThreadLocalMap$Entry; @ 21
Event: 16.927 Thread 0x00007fe4d2802800 Uncommon trap: reason=unloaded action=reinterpret pc=0x00000001054337cc method=java.util.ArrayList$Itr.checkForComodification()V @ 14

Internal exceptions (10 events):
Event: 0.282 Thread 0x00007fe4d2802800 Threw 0x00000007d56f6268 at /HUDSON/workspace/7u-2-build-macosx-x86_64/jdk7u45/229/hotspot/src/share/vm/prims/jvm.cpp:1244
Event: 0.285 Thread 0x00007fe4d2802800 Threw 0x00000007d56fb8a8 at /HUDSON/workspace/7u-2-build-macosx-x86_64/jdk7u45/229/hotspot/src/share/vm/prims/jvm.cpp:1244
Event: 0.290 Thread 0x00007fe4d2802800 Threw 0x00000007d5867030 at /HUDSON/workspace/7u-2-build-macosx-x86_64/jdk7u45/229/hotspot/src/share/vm/prims/jvm.cpp:1244
Event: 1.241 Thread 0x00007fe4d28ca000 Threw 0x00000007d57bcf38 at /HUDSON/workspace/7u-2-build-macosx-x86_64/jdk7u45/229/hotspot/src/share/vm/prims/jvm.cpp:1244
Event: 2.108 Thread 0x00007fe4d3091800 Threw 0x00000007d5741978 at /HUDSON/workspace/7u-2-build-macosx-x86_64/jdk7u45/229/hotspot/src/share/vm/prims/jvm.cpp:1244
Event: 2.110 Thread 0x00007fe4d3091800 Threw 0x00000007d5746a58 at /HUDSON/workspace/7u-2-build-macosx-x86_64/jdk7u45/229/hotspot/src/share/vm/prims/jvm.cpp:1244
Event: 2.117 Thread 0x00007fe4d3091800 Threw 0x00000007d5756b90 at /HUDSON/workspace/7u-2-build-macosx-x86_64/jdk7u45/229/hotspot/src/share/vm/prims/jvm.cpp:1244
Event: 10.495 Thread 0x00007fe4d3091800 Threw 0x00000007d6543038 at /HUDSON/workspace/7u-2-build-macosx-x86_64/jdk7u45/229/hotspot/src/share/vm/prims/jvm.cpp:1244
Event: 10.532 Thread 0x00007fe4d3091800 Implicit null exception at 0x000000010542f83c to 0x000000010542f8d9
Event: 10.534 Thread 0x00007fe4d3091800 Implicit null exception at 0x000000010542fc55 to 0x000000010542fced

Events (10 events):
Event: 31.966 loading class 0x000000010d6b25b0
Event: 31.966 loading class 0x000000010d6b25b0 done
Event: 31.981 Executing VM operation: ParallelGCFailedAllocation
Event: 31.990 Executing VM operation: ParallelGCFailedAllocation done
Event: 31.996 Executing VM operation: RevokeBias
Event: 31.996 Executing VM operation: RevokeBias done
Event: 31.997 Executing VM operation: RevokeBias
Event: 31.997 Executing VM operation: RevokeBias done
Event: 31.997 Executing VM operation: RevokeBias
Event: 31.997 Executing VM operation: RevokeBias done


Dynamic libraries:
0x000000000891b000 	/System/Library/Frameworks/Cocoa.framework/Versions/A/Cocoa
0x000000000891b000 	/System/Library/Frameworks/Security.framework/Versions/A/Security
0x000000000891b000 	/System/Library/Frameworks/ApplicationServices.framework/Versions/A/ApplicationServices
0x000000000891b000 	/usr/lib/libz.1.dylib
0x000000000891b000 	/usr/lib/libSystem.B.dylib
0x000000000891b000 	/usr/lib/libobjc.A.dylib
0x000000000891b000 	/System/Library/Frameworks/CoreFoundation.framework/Versions/A/CoreFoundation
0x000000000891b000 	/System/Library/Frameworks/Foundation.framework/Versions/C/Foundation
0x000000000891b000 	/System/Library/Frameworks/AppKit.framework/Versions/C/AppKit
0x000000000891b000 	/System/Library/Frameworks/CoreData.framework/Versions/A/CoreData
0x000000000891b000 	/System/Library/PrivateFrameworks/RemoteViewServices.framework/Versions/A/RemoteViewServices
0x000000000891b000 	/System/Library/Frameworks/AudioToolbox.framework/Versions/A/AudioToolbox
0x000000000891b000 	/System/Library/Frameworks/AudioUnit.framework/Versions/A/AudioUnit
0x000000000891b000 	/System/Library/PrivateFrameworks/DataDetectorsCore.framework/Versions/A/DataDetectorsCore
0x000000000891b000 	/System/Library/PrivateFrameworks/DesktopServicesPriv.framework/Versions/A/DesktopServicesPriv
0x000000000891b000 	/System/Library/Frameworks/Carbon.framework/Versions/A/Frameworks/HIToolbox.framework/Versions/A/HIToolbox
0x000000000891b000 	/System/Library/Frameworks/QuartzCore.framework/Versions/A/QuartzCore
0x000000000891b000 	/System/Library/Frameworks/Carbon.framework/Versions/A/Frameworks/SpeechRecognition.framework/Versions/A/SpeechRecognition
0x000000000891b000 	/usr/lib/libauto.dylib
0x000000000891b000 	/usr/lib/libicucore.A.dylib
0x000000000891b000 	/usr/lib/libxml2.2.dylib
0x000000000891b000 	/System/Library/PrivateFrameworks/CoreUI.framework/Versions/A/CoreUI
0x000000000891b000 	/System/Library/Frameworks/CoreAudio.framework/Versions/A/CoreAudio
0x000000000891b000 	/System/Library/Frameworks/DiskArbitration.framework/Versions/A/DiskArbitration
0x000000000891b000 	/usr/lib/liblangid.dylib
0x000000000891b000 	/System/Library/PrivateFrameworks/MultitouchSupport.framework/Versions/A/MultitouchSupport
0x000000000891b000 	/System/Library/Frameworks/IOKit.framework/Versions/A/IOKit
0x000000000891b000 	/usr/lib/libDiagnosticMessagesClient.dylib
0x000000000891b000 	/System/Library/Frameworks/CoreServices.framework/Versions/A/CoreServices
0x000000000891b000 	/System/Library/PrivateFrameworks/PerformanceAnalysis.framework/Versions/A/PerformanceAnalysis
0x000000000891b000 	/System/Library/PrivateFrameworks/GenerationalStorage.framework/Versions/A/GenerationalStorage
0x000000000891b000 	/System/Library/Frameworks/OpenGL.framework/Versions/A/OpenGL
0x000000000891b000 	/System/Library/PrivateFrameworks/Sharing.framework/Versions/A/Sharing
0x000000000891b000 	/System/Library/Frameworks/ImageIO.framework/Versions/A/ImageIO
0x000000000891b000 	/System/Library/Frameworks/CoreText.framework/Versions/A/CoreText
0x000000000891b000 	/System/Library/Frameworks/CoreGraphics.framework/Versions/A/CoreGraphics
0x000000000891b000 	/System/Library/PrivateFrameworks/Backup.framework/Versions/A/Backup
0x000000000891b000 	/System/Library/Frameworks/CFNetwork.framework/Versions/A/CFNetwork
0x000000000891b000 	/System/Library/Frameworks/SystemConfiguration.framework/Versions/A/SystemConfiguration
0x000000000891b000 	/usr/lib/libCRFSuite.dylib
0x000000000891b000 	/usr/lib/libc++.1.dylib
0x000000000891b000 	/usr/lib/libc++abi.dylib
0x000000000891b000 	/usr/lib/system/libcache.dylib
0x000000000891b000 	/usr/lib/system/libcommonCrypto.dylib
0x000000000891b000 	/usr/lib/system/libcompiler_rt.dylib
0x000000000891b000 	/usr/lib/system/libcopyfile.dylib
0x000000000891b000 	/usr/lib/system/libcorecrypto.dylib
0x000000000891b000 	/usr/lib/system/libdispatch.dylib
0x000000000891b000 	/usr/lib/system/libdyld.dylib
0x000000000891b000 	/usr/lib/system/libkeymgr.dylib
0x000000000891b000 	/usr/lib/system/liblaunch.dylib
0x000000000891b000 	/usr/lib/system/libmacho.dylib
0x000000000891b000 	/usr/lib/system/libquarantine.dylib
0x000000000891b000 	/usr/lib/system/libremovefile.dylib
0x000000000891b000 	/usr/lib/system/libsystem_asl.dylib
0x000000000891b000 	/usr/lib/system/libsystem_blocks.dylib
0x000000000891b000 	/usr/lib/system/libsystem_c.dylib
0x000000000891b000 	/usr/lib/system/libsystem_configuration.dylib
0x000000000891b000 	/usr/lib/system/libsystem_dnssd.dylib
0x000000000891b000 	/usr/lib/system/libsystem_info.dylib
0x000000000891b000 	/usr/lib/system/libsystem_kernel.dylib
0x000000000891b000 	/usr/lib/system/libsystem_m.dylib
0x000000000891b000 	/usr/lib/system/libsystem_malloc.dylib
0x000000000891b000 	/usr/lib/system/libsystem_network.dylib
0x000000000891b000 	/usr/lib/system/libsystem_notify.dylib
0x000000000891b000 	/usr/lib/system/libsystem_platform.dylib
0x000000000891b000 	/usr/lib/system/libsystem_pthread.dylib
0x000000000891b000 	/usr/lib/system/libsystem_sandbox.dylib
0x000000000891b000 	/usr/lib/system/libsystem_stats.dylib
0x000000000891b000 	/usr/lib/system/libunc.dylib
0x000000000891b000 	/usr/lib/system/libunwind.dylib
0x000000000891b000 	/usr/lib/system/libxpc.dylib
0x000000000891b000 	/usr/lib/libbsm.0.dylib
0x000000000891b000 	/usr/lib/libsqlite3.dylib
0x000000000891b000 	/usr/lib/libxar.1.dylib
0x000000000891b000 	/usr/lib/libpam.2.dylib
0x000000000891b000 	/usr/lib/libOpenScriptingUtil.dylib
0x000000000891b000 	/usr/lib/libbz2.1.0.dylib
0x000000000891b000 	/System/Library/Frameworks/CoreServices.framework/Versions/A/Frameworks/CarbonCore.framework/Versions/A/CarbonCore
0x000000000891b000 	/System/Library/Frameworks/CoreServices.framework/Versions/A/Frameworks/Metadata.framework/Versions/A/Metadata
0x000000000891b000 	/System/Library/Frameworks/CoreServices.framework/Versions/A/Frameworks/OSServices.framework/Versions/A/OSServices
0x000000000891b000 	/System/Library/Frameworks/CoreServices.framework/Versions/A/Frameworks/SearchKit.framework/Versions/A/SearchKit
0x000000000891b000 	/System/Library/Frameworks/CoreServices.framework/Versions/A/Frameworks/AE.framework/Versions/A/AE
0x000000000891b000 	/System/Library/Frameworks/CoreServices.framework/Versions/A/Frameworks/LaunchServices.framework/Versions/A/LaunchServices
0x000000000891b000 	/System/Library/Frameworks/CoreServices.framework/Versions/A/Frameworks/DictionaryServices.framework/Versions/A/DictionaryServices
0x000000000891b000 	/System/Library/Frameworks/NetFS.framework/Versions/A/NetFS
0x000000000891b000 	/usr/lib/system/libkxld.dylib
0x000000000891b000 	/System/Library/PrivateFrameworks/NetAuth.framework/Versions/A/NetAuth
0x000000000891b000 	/System/Library/PrivateFrameworks/TCC.framework/Versions/A/TCC
0x000000000891b000 	/System/Library/Frameworks/OpenDirectory.framework/Versions/A/Frameworks/CFOpenDirectory.framework/Versions/A/CFOpenDirectory
0x000000000891b000 	/System/Library/Frameworks/ServiceManagement.framework/Versions/A/ServiceManagement
0x000000000891b000 	/usr/lib/libxslt.1.dylib
0x000000000891b000 	/System/Library/Frameworks/Carbon.framework/Versions/A/Frameworks/Ink.framework/Versions/A/Ink
0x000000000891b000 	/System/Library/Frameworks/ApplicationServices.framework/Versions/A/Frameworks/ATS.framework/Versions/A/ATS
0x000000000891b000 	/System/Library/Frameworks/ApplicationServices.framework/Versions/A/Frameworks/ColorSync.framework/Versions/A/ColorSync
0x000000000891b000 	/System/Library/Frameworks/ApplicationServices.framework/Versions/A/Frameworks/HIServices.framework/Versions/A/HIServices
0x000000000891b000 	/System/Library/Frameworks/ApplicationServices.framework/Versions/A/Frameworks/LangAnalysis.framework/Versions/A/LangAnalysis
0x000000000891b000 	/System/Library/Frameworks/ApplicationServices.framework/Versions/A/Frameworks/PrintCore.framework/Versions/A/PrintCore
0x000000000891b000 	/System/Library/Frameworks/ApplicationServices.framework/Versions/A/Frameworks/QD.framework/Versions/A/QD
0x000000000891b000 	/System/Library/Frameworks/ApplicationServices.framework/Versions/A/Frameworks/SpeechSynthesis.framework/Versions/A/SpeechSynthesis
0x000000000891b000 	/System/Library/Frameworks/IOSurface.framework/Versions/A/IOSurface
0x000000000891b000 	/System/Library/Frameworks/Accelerate.framework/Versions/A/Accelerate
0x000000000891b000 	/System/Library/Frameworks/Accelerate.framework/Versions/A/Frameworks/vImage.framework/Versions/A/vImage
0x000000000891b000 	/System/Library/Frameworks/Accelerate.framework/Versions/A/Frameworks/vecLib.framework/Versions/A/vecLib
0x000000000891b000 	/System/Library/Frameworks/Accelerate.framework/Versions/A/Frameworks/vecLib.framework/Versions/A/libvDSP.dylib
0x000000000891b000 	/System/Library/Frameworks/Accelerate.framework/Versions/A/Frameworks/vecLib.framework/Versions/A/libvMisc.dylib
0x000000000891b000 	/System/Library/Frameworks/Accelerate.framework/Versions/A/Frameworks/vecLib.framework/Versions/A/libLAPACK.dylib
0x000000000891b000 	/System/Library/Frameworks/Accelerate.framework/Versions/A/Frameworks/vecLib.framework/Versions/A/libBLAS.dylib
0x000000000891b000 	/System/Library/Frameworks/ApplicationServices.framework/Versions/A/Frameworks/ATS.framework/Versions/A/Resources/libFontParser.dylib
0x000000000891b000 	/System/Library/Frameworks/ApplicationServices.framework/Versions/A/Frameworks/ATS.framework/Versions/A/Resources/libFontRegistry.dylib
0x000000000891b000 	/System/Library/Frameworks/ImageIO.framework/Versions/A/Resources/libJPEG.dylib
0x000000000891b000 	/System/Library/Frameworks/ImageIO.framework/Versions/A/Resources/libTIFF.dylib
0x000000000891b000 	/System/Library/Frameworks/ImageIO.framework/Versions/A/Resources/libPng.dylib
0x000000000891b000 	/System/Library/Frameworks/ImageIO.framework/Versions/A/Resources/libGIF.dylib
0x000000000891b000 	/System/Library/Frameworks/ImageIO.framework/Versions/A/Resources/libJP2.dylib
0x000000000891b000 	/System/Library/Frameworks/ImageIO.framework/Versions/A/Resources/libRadiance.dylib
0x000000000891b000 	/usr/lib/libcups.2.dylib
0x000000000891b000 	/System/Library/Frameworks/Kerberos.framework/Versions/A/Kerberos
0x000000000891b000 	/System/Library/Frameworks/GSS.framework/Versions/A/GSS
0x000000000891b000 	/usr/lib/libresolv.9.dylib
0x000000000891b000 	/usr/lib/libiconv.2.dylib
0x000000000891b000 	/System/Library/PrivateFrameworks/Heimdal.framework/Versions/A/Heimdal
0x000000000891b000 	/System/Library/PrivateFrameworks/TrustEvaluationAgent.framework/Versions/A/TrustEvaluationAgent
0x000000000891b000 	/usr/lib/libheimdal-asn1.dylib
0x000000000891b000 	/System/Library/Frameworks/OpenDirectory.framework/Versions/A/OpenDirectory
0x000000000891b000 	/System/Library/PrivateFrameworks/CommonAuth.framework/Versions/A/CommonAuth
0x000000000891b000 	/System/Library/Frameworks/SecurityFoundation.framework/Versions/A/SecurityFoundation
0x000000000891b000 	/System/Library/PrivateFrameworks/Bom.framework/Versions/A/Bom
0x000000000891b000 	/System/Library/Frameworks/CoreVideo.framework/Versions/A/CoreVideo
0x000000000891b000 	/System/Library/Frameworks/QuartzCore.framework/Versions/A/Frameworks/CoreImage.framework/Versions/A/CoreImage
0x000000000891b000 	/System/Library/Frameworks/QuartzCore.framework/Versions/A/Frameworks/ScalableUserInterface.framework/Versions/A/ScalableUserInterface
0x000000000891b000 	/System/Library/Frameworks/OpenGL.framework/Versions/A/Libraries/libGLU.dylib
0x000000000891b000 	/System/Library/Frameworks/OpenGL.framework/Versions/A/Libraries/libGFXShared.dylib
0x000000000891b000 	/System/Library/Frameworks/OpenGL.framework/Versions/A/Libraries/libGL.dylib
0x000000000891b000 	/System/Library/Frameworks/OpenGL.framework/Versions/A/Libraries/libGLImage.dylib
0x000000000891b000 	/System/Library/Frameworks/OpenGL.framework/Versions/A/Libraries/libCVMSPluginSupport.dylib
0x000000000891b000 	/System/Library/Frameworks/OpenGL.framework/Versions/A/Libraries/libCoreVMClient.dylib
0x000000000891b000 	/System/Library/PrivateFrameworks/FaceCore.framework/Versions/A/FaceCore
0x000000000891b000 	/System/Library/PrivateFrameworks/CrashReporterSupport.framework/Versions/A/CrashReporterSupport
0x000000000891b000 	/System/Library/Frameworks/OpenCL.framework/Versions/A/OpenCL
0x000000000891b000 	/System/Library/PrivateFrameworks/AppleFSCompression.framework/Versions/A/AppleFSCompression
0x000000000891b000 	/System/Library/PrivateFrameworks/Ubiquity.framework/Versions/A/Ubiquity
0x000000000891b000 	/System/Library/PrivateFrameworks/IconServices.framework/Versions/A/IconServices
0x000000000891b000 	/System/Library/PrivateFrameworks/ChunkingLibrary.framework/Versions/A/ChunkingLibrary
0x000000000891b000 	/System/Library/PrivateFrameworks/CoreSymbolication.framework/Versions/A/CoreSymbolication
0x000000000891b000 	/System/Library/PrivateFrameworks/Symbolication.framework/Versions/A/Symbolication
0x000000000891b000 	/System/Library/PrivateFrameworks/DebugSymbols.framework/Versions/A/DebugSymbols
0x0000000104813000 	/Library/Java/JavaVirtualMachines/jdk1.7.0_45.jdk/Contents/Home/jre/lib/server/libjvm.dylib
0x000000000891b000 	/usr/lib/libstdc++.6.dylib
0x000000010536c000 	/Library/Java/JavaVirtualMachines/jdk1.7.0_45.jdk/Contents/Home/jre/lib/libverify.dylib
0x0000000105379000 	/Library/Java/JavaVirtualMachines/jdk1.7.0_45.jdk/Contents/Home/jre/lib/libjava.dylib
0x00000001053b1000 	/Library/Java/JavaVirtualMachines/jdk1.7.0_45.jdk/Contents/Home/jre/lib/libzip.dylib
0x000000010ec25000 	/System/Library/Frameworks/JavaVM.framework/Frameworks/JavaRuntimeSupport.framework/JavaRuntimeSupport
0x000000010ec3d000 	/System/Library/Frameworks/JavaVM.framework/Versions/A/Frameworks/JavaNativeFoundation.framework/Versions/A/JavaNativeFoundation
0x000000010ec52000 	/System/Library/Frameworks/JavaVM.framework/Versions/A/JavaVM
0x000000000891b000 	/System/Library/Frameworks/Carbon.framework/Versions/A/Carbon
0x000000010ec5f000 	/System/Library/PrivateFrameworks/JavaLaunching.framework/Versions/A/JavaLaunching
0x000000000891b000 	/System/Library/Frameworks/Carbon.framework/Versions/A/Frameworks/CommonPanels.framework/Versions/A/CommonPanels
0x000000000891b000 	/System/Library/Frameworks/Carbon.framework/Versions/A/Frameworks/Help.framework/Versions/A/Help
0x000000000891b000 	/System/Library/Frameworks/Carbon.framework/Versions/A/Frameworks/ImageCapture.framework/Versions/A/ImageCapture
0x000000000891b000 	/System/Library/Frameworks/Carbon.framework/Versions/A/Frameworks/OpenScripting.framework/Versions/A/OpenScripting
0x000000000891b000 	/System/Library/Frameworks/Carbon.framework/Versions/A/Frameworks/Print.framework/Versions/A/Print
0x000000000891b000 	/System/Library/Frameworks/Carbon.framework/Versions/A/Frameworks/SecurityHI.framework/Versions/A/SecurityHI
0x000000010f1e5000 	/Library/Java/JavaVirtualMachines/jdk1.7.0_45.jdk/Contents/Home/jre/lib/libnio.dylib
0x000000010f1f4000 	/Library/Java/JavaVirtualMachines/jdk1.7.0_45.jdk/Contents/Home/jre/lib/./libnet.dylib
0x000000010f251000 	/Users/benkiranemohamedali/.jsfml/macosx_universal/libfreetype.dylib
0x000000010f338000 	/Users/benkiranemohamedali/.jsfml/macosx_universal/libsndfile.dylib
0x000000010f708000 	/Users/benkiranemohamedali/.jsfml/macosx_universal/libsfml-system.dylib
0x000000010f715000 	/Users/benkiranemohamedali/.jsfml/macosx_universal/libsfml-window.dylib
0x000000010f73f000 	/Users/benkiranemohamedali/.jsfml/macosx_universal/libsfml-graphics.dylib
0x000000010f7fa000 	/Users/benkiranemohamedali/.jsfml/macosx_universal/libsfml-audio.dylib
0x000000010f80d000 	/System/Library/Frameworks/OpenAL.framework/Versions/A/OpenAL
0x000000010f843000 	/Users/benkiranemohamedali/.jsfml/macosx_universal/libjsfml.jnilib
0x000000000891b000 	/System/Library/Frameworks/OpenGL.framework/Versions/A/Resources/GLEngine.bundle/GLEngine
0x000000000891b000 	/System/Library/Frameworks/OpenGL.framework/Versions/A/Libraries/libGLProgrammability.dylib
0x0000000000000000 	/System/Library/Extensions/AppleIntelHD5000GraphicsGLDriver.bundle/Contents/MacOS/AppleIntelHD5000GraphicsGLDriver
0x000000000891b000 	/System/Library/PrivateFrameworks/IOAccelerator.framework/Versions/A/IOAccelerator
0x000000000891b000 	/System/Library/PrivateFrameworks/GPUSupport.framework/Versions/A/Libraries/libGPUSupportMercury.dylib
0x000000000891b000 	/System/Library/Frameworks/OpenGL.framework/Versions/A/Resources/GLRendererFloat.bundle/GLRendererFloat
0x000000000891b000 	/System/Library/Frameworks/OpenCL.framework/Versions/A/Libraries/libcldcpuengine.dylib
0x000000000891b000 	/System/Library/PrivateFrameworks/DiskImages.framework/Versions/A/DiskImages
0x000000000891b000 	/System/Library/Frameworks/DiscRecording.framework/Versions/A/DiscRecording
0x000000000891b000 	/usr/lib/libcsfde.dylib
0x000000000891b000 	/usr/lib/libcurl.4.dylib
0x000000000891b000 	/System/Library/PrivateFrameworks/MediaKit.framework/Versions/A/MediaKit
0x000000000891b000 	/usr/lib/libCoreStorage.dylib
0x000000000891b000 	/System/Library/PrivateFrameworks/EFILogin.framework/Versions/A/EFILogin
0x000000000891b000 	/usr/lib/libutil.dylib
0x000000000891b000 	/System/Library/PrivateFrameworks/AOSNotification.framework/Versions/A/AOSNotification
0x000000000891b000 	/System/Library/Frameworks/LDAP.framework/Versions/A/LDAP
0x000000000891b000 	/usr/lib/libsasl2.2.dylib
0x000000000891b000 	/usr/lib/libcrypto.0.9.8.dylib
0x000000000891b000 	/usr/lib/libssl.0.9.8.dylib
0x000000000891b000 	/System/Library/PrivateFrameworks/CoreServicesInternal.framework/Versions/A/CoreServicesInternal
0x000000000891b000 	/System/Library/PrivateFrameworks/Librarian.framework/Versions/A/Librarian
0x000000000891b000 	/System/Library/Frameworks/CoreGraphics.framework/Versions/A/Resources/libCGCMS.A.dylib
0x000000000891b000 	/System/Library/Frameworks/CoreGraphics.framework/Versions/A/Resources/libRIP.A.dylib
0x000000000891b000 	/System/Library/Frameworks/CoreGraphics.framework/Versions/A/Resources/libCGXType.A.dylib
0x000000000891b000 	/System/Library/PrivateFrameworks/FamilyControls.framework/Versions/A/FamilyControls
0x000000000891b000 	/System/Library/PrivateFrameworks/CommerceKit.framework/Versions/A/Frameworks/CommerceCore.framework/Versions/A/CommerceCore
0x000000000891b000 	/System/Library/PrivateFrameworks/SystemAdministration.framework/Versions/A/SystemAdministration
0x000000000891b000 	/System/Library/Frameworks/DirectoryService.framework/Versions/A/DirectoryService
0x000000000891b000 	/System/Library/PrivateFrameworks/LoginUIKit.framework/Versions/A/Frameworks/LoginUICore.framework/Versions/A/LoginUICore
0x000000000891b000 	/usr/lib/libodfde.dylib
0x0000000118fb8000 	/System/Library/Components/CoreAudio.component/Contents/MacOS/CoreAudio
0x0000000119233000 	/System/Library/Extensions/AppleHDA.kext/Contents/PlugIns/AppleHDAHALPlugIn.bundle/Contents/MacOS/AppleHDAHALPlugIn

VM Arguments:
jvm_args: -Dfile.encoding=US-ASCII 
java_command: application.Main
Launcher Type: SUN_STANDARD

Environment Variables:
PATH=/usr/bin:/bin:/usr/sbin:/sbin
SHELL=/bin/bash

Signal Handlers:
SIGSEGV: [libjvm.dylib+0x525415], sa_mask[0]=0xfffefeff, sa_flags=0x00000043
SIGBUS: [libjvm.dylib+0x525415], sa_mask[0]=0xfffefeff, sa_flags=0x00000042
SIGFPE: [libjvm.dylib+0x41891a], sa_mask[0]=0xfffefeff, sa_flags=0x00000042
SIGPIPE: [libjvm.dylib+0x41891a], sa_mask[0]=0xfffefeff, sa_flags=0x00000042
SIGXFSZ: [libjvm.dylib+0x41891a], sa_mask[0]=0xfffefeff, sa_flags=0x00000042
SIGILL: [libjvm.dylib+0x41891a], sa_mask[0]=0xfffefeff, sa_flags=0x00000042
SIGUSR1: SIG_DFL, sa_mask[0]=0x00000000, sa_flags=0x00000002
SIGUSR2: [libjvm.dylib+0x41840c], sa_mask[0]=0x00000004, sa_flags=0x00000042
SIGHUP: [AudioToolbox+0xce3c4], sa_mask[0]=0x00000000, sa_flags=0x00000002
SIGINT: [libjvm.dylib+0x41669b], sa_mask[0]=0xfffefeff, sa_flags=0x00000042
SIGTERM: [libjvm.dylib+0x41669b], sa_mask[0]=0xfffefeff, sa_flags=0x00000042
SIGQUIT: [libjvm.dylib+0x41669b], sa_mask[0]=0xfffefeff, sa_flags=0x00000042


---------------  S Y S T E M  ---------------

OS:Bsduname:Darwin 13.1.0 Darwin Kernel Version 13.1.0: Thu Jan 16 19:40:37 PST 2014; root:xnu-2422.90.20~2/RELEASE_X86_64 x86_64
rlimit: STACK 8192k, CORE 0k, NPROC 709, NOFILE 10240, AS infinity
load average:2.08 1.74 1.58

CPU:total 4 (2 cores per cpu, 2 threads per core) family 6 model 69 stepping 1, cmov, cx8, fxsr, mmx, sse, sse2, sse3, ssse3, sse4.1, sse4.2, popcnt, avx, avx2, aes, erms, ht, tsc, tscinvbit

Memory: 4k page, physical 8388608k(2097152k free)

/proc/meminfo:


vm_info: Java HotSpot(TM) 64-Bit Server VM (24.45-b08) for bsd-amd64 JRE (1.7.0_45-b18), built on Oct  8 2013 05:54:16 by "java_re" with gcc 4.2.1 (Based on Apple Inc. build 5658) (LLVM build 2336.11.00)

time: Fri Mar  7 20:19:40 2014
elapsed time: 32 seconds

