#
# A fatal error has been detected by the Java Runtime Environment:
#
#  SIGSEGV (0xb) at pc=0x0000000105b0bb50, pid=48359, tid=66063
#
# JRE version: Java(TM) SE Runtime Environment (7.0_45-b18) (build 1.7.0_45-b18)
# Java VM: Java HotSpot(TM) 64-Bit Server VM (24.45-b08 mixed mode bsd-amd64 compressed oops)
# Problematic frame:
# V  [libjvm.dylib+0x30bb50]
#
# Failed to write core dump. Core dumps have been disabled. To enable core dumping, try "ulimit -c unlimited" before starting Java again
#
# If you would like to submit a bug report, please visit:
#   http://bugreport.sun.com/bugreport/crash.jsp
#

---------------  T H R E A D  ---------------

Current thread (0x00007fb6bb9ad800):  JavaThread "Thread-972" [_thread_in_vm, id=66063, stack(0x0000000117617000,0x0000000117697000)]

siginfo:si_signo=SIGSEGV: si_errno=0, si_code=0 (SEGV0), si_addr=0x0000000000000000

Registers:
RAX=0x0a640a0909090a00, RBX=0x00007fb6b9d44c98, RCX=0x0000000117696998, RDX=0x0000000105f637a0
RSP=0x0000000117696830, RBP=0x0000000117696840, RSI=0x00007fb6b9d44c98, RDI=0x0000000117696910
R8 =0x00007fb6b9c1bed0, R9 =0x0000000117696998, R10=0x00007fb6bb9ad9e8, R11=0x0000000117696bd0
R12=0x00000001176969d8, R13=0x0000000117696910, R14=0x0000000117696910, R15=0x0000000105b0b9f8
RIP=0x0000000105b0bb50, EFLAGS=0x0000000000010202, ERR=0x0000000000000000
  TRAPNO=0x000000000000000d

Top of Stack: (sp=0x0000000117696830)
0x0000000117696830:   00007fb6b9d44c98 0000000117696870
0x0000000117696840:   0000000117696970 0000000105b0a5d0
0x0000000117696850:   0000000117696900 00007fb6bb9ad9e8
0x0000000117696860:   00007fb6b9d44c90 0000000117696998
0x0000000117696870:   00007fb6bb9ad800 00007fb6b9d44c90
0x0000000117696880:   0000000117696970 0000000105ad6df1
0x0000000117696890:   0000000100000002 00007fb6bb9ad800
0x00000001176968a0:   00007fb6b9d1e521 0000000117696ab8
0x00000001176968b0:   0000000117696990 00000001062e01a0
0x00000001176968c0:   00000001176969f8 0000000117696878
0x00000001176968d0:   00000001176968b9 0000000800000001
0x00000001176968e0:   00007fb6b9d44c00 00007fb6b9d53d40
0x00000001176968f0:   00007fb6b9d44550 00007fb6b9d44560
0x0000000117696900:   00007fb6b9d44938 00000000000003d8
0x0000000117696910:   000000077ae39f18 0000000781806480
0x0000000117696920:   0000000000000000 0000000000000000
0x0000000117696930:   0000000000000000 0000000117696ab0
0x0000000117696940:   00000001062e62a0 00007fb6b9c1bed0
0x0000000117696950:   00007fb6bb9ad800 0000000117696998
0x0000000117696960:   00007fb6b9c43238 00007fb6bb9ad9e8
0x0000000117696970:   0000000117696a40 0000000105afd7b8
0x0000000117696980:   00007fb6bb9ad800 00007fb6b9d44cc8
0x0000000117696990:   0000000117696bd0 0000000105f637a0
0x00000001176969a0:   000000010e5aef20 00000000fffffffe
0x00000001176969b0:   0000000000000063 0000000117696870
0x00000001176969c0:   0000003000000018 0000000117696c30
0x00000001176969d0:   0000000117696b10 00007fb60000000b
0x00000001176969e0:   0000000117696a70 00007fb6bb9ad800
0x00000001176969f0:   0000000000000000 00000001059f3e97
0x0000000117696a00:   0000000781806480 00007fb6bb9ad800
0x0000000117696a10:   00007fb6bb9ad800 00007fb6b9c43238
0x0000000117696a20:   0000000117696e90 0000000000000000 

Instructions: (pc=0x0000000105b0bb50)
0x0000000105b0bb30:   89 06 49 89 5e 28 5b 41 5e 5d c3 90 55 48 89 e5
0x0000000105b0bb40:   41 56 53 48 89 f3 49 89 fe 48 8b 03 48 8b 40 10
0x0000000105b0bb50:   48 8b 78 20 0f b7 70 3a e8 eb 7c ee ff 48 89 c6
0x0000000105b0bb60:   48 83 e6 fe 4c 89 f7 e8 84 e2 17 00 48 8d 05 ad 

Register to memory mapping:

RAX=0x0a640a0909090a00 is an unknown value
RBX=0x00007fb6b9d44c98 is an unknown value
RCX=0x0000000117696998 is pointing into the stack for thread: 0x00007fb6bb9ad800
RDX=0x0000000105f637a0: _ZTV23JNI_ArgumentPusherVaArg+0x10 in /Library/Java/JavaVirtualMachines/jdk1.7.0_45.jdk/Contents/Home/jre/lib/server/libjvm.dylib at 0x0000000105800000
RSP=0x0000000117696830 is pointing into the stack for thread: 0x00007fb6bb9ad800
RBP=0x0000000117696840 is pointing into the stack for thread: 0x00007fb6bb9ad800
RSI=0x00007fb6b9d44c98 is an unknown value
RDI=0x0000000117696910 is pointing into the stack for thread: 0x00007fb6bb9ad800
R8 =0x00007fb6b9c1bed0 is a weak global jni handle
R9 =0x0000000117696998 is pointing into the stack for thread: 0x00007fb6bb9ad800
R10=0x00007fb6bb9ad9e8 is an unknown value
R11=0x0000000117696bd0 is pointing into the stack for thread: 0x00007fb6bb9ad800
R12=0x00000001176969d8 is pointing into the stack for thread: 0x00007fb6bb9ad800
R13=0x0000000117696910 is pointing into the stack for thread: 0x00007fb6bb9ad800
R14=0x0000000117696910 is pointing into the stack for thread: 0x00007fb6bb9ad800
R15=0x0000000105b0b9f8: _ZN23JNI_ArgumentPusherVaArg7iterateEy+0 in /Library/Java/JavaVirtualMachines/jdk1.7.0_45.jdk/Contents/Home/jre/lib/server/libjvm.dylib at 0x0000000105800000


Stack: [0x0000000117617000,0x0000000117697000],  sp=0x0000000117696830,  free space=510k
Native frames: (J=compiled Java code, j=interpreted, Vv=VM code, C=native code)
V  [libjvm.dylib+0x30bb50]
V  [libjvm.dylib+0x30a5d0]
V  [libjvm.dylib+0x2fd7b8]
C  [libjsfml.jnilib+0x18cc]  _ZN7JNIEnv_14CallLongMethodEP8_jobjectP10_jmethodIDz+0x192
C  [libjsfml.jnilib+0x1046]  _ZN5JSFML11InputStream4tellEv+0x50
C  [libsfml-audio.dylib+0x4fd7]  _ZN2sf4priv9SoundFile6Stream4readEPvxS3_+0x1f
C  [libsndfile.dylib+0x79645]  psf_fread+0x56
C  [libsndfile.dylib+0x574fe]  ogg_open+0xa03
C  [libsndfile.dylib+0x57577]  ogg_open+0xa7c
C  [libsndfile.dylib+0x413bb]  sf_read_short+0x1f2
C  [libsfml-audio.dylib+0x31f8]  _ZN2sf5Music9onGetDataERNS_11SoundStream5ChunkE+0x3e
C  [libsfml-audio.dylib+0x7723]  _ZN2sf11SoundStream17fillAndPushBufferEj+0x2f
C  [libsfml-audio.dylib+0x793a]  _ZN2sf11SoundStream10streamDataEv+0x102
C  [libsfml-system.dylib+0x4f3f]  _ZN2sf4priv10ThreadImpl10entryPointEPv+0x1d
C  [libsystem_pthread.dylib+0x1899]  _pthread_body+0x8a
C  [libsystem_pthread.dylib+0x172a]  _pthread_struct_init+0x0
C  [libsystem_pthread.dylib+0x5fc9]  thread_start+0xd


---------------  P R O C E S S  ---------------

Java Threads: ( => current thread )
=>0x00007fb6bb9ad800 JavaThread "Thread-972" [_thread_in_vm, id=66063, stack(0x0000000117617000,0x0000000117697000)]
  0x00007fb6bb0ae000 JavaThread "Thread-1" [_thread_blocked, id=34051, stack(0x0000000114b81000,0x0000000114c81000)]
  0x00007fb6ba8bf000 JavaThread "Thread-0" [_thread_in_native, id=33551, stack(0x0000000114a7e000,0x0000000114b7e000)]
  0x00007fb6ba861800 JavaThread "Service Thread" daemon [_thread_blocked, id=19203, stack(0x000000010fe84000,0x000000010ff84000)]
  0x00007fb6ba860800 JavaThread "C2 CompilerThread1" daemon [_thread_blocked, id=18691, stack(0x000000010fd81000,0x000000010fe81000)]
  0x00007fb6ba857000 JavaThread "C2 CompilerThread0" daemon [_thread_blocked, id=18179, stack(0x000000010fc7e000,0x000000010fd7e000)]
  0x00007fb6ba856800 JavaThread "Signal Dispatcher" daemon [_thread_blocked, id=17675, stack(0x000000010fb7b000,0x000000010fc7b000)]
  0x00007fb6ba840800 JavaThread "Finalizer" daemon [_thread_blocked, id=15107, stack(0x000000010fa3f000,0x000000010fb3f000)]
  0x00007fb6bb802800 JavaThread "Reference Handler" daemon [_thread_blocked, id=14595, stack(0x000000010f93c000,0x000000010fa3c000)]
  0x00007fb6ba00e000 JavaThread "main" [_thread_blocked, id=1287, stack(0x00007fff5adff000,0x00007fff5ae7f000)]

Other Threads:
  0x00007fb6ba023800 VMThread [stack: 0x000000010f839000,0x000000010f939000] [id=14083]
  0x00007fb6ba86a000 WatcherThread [stack: 0x000000010ff87000,0x0000000110087000] [id=19715]

VM state:not at safepoint (normal execution)

VM Mutex/Monitor currently owned by a thread: None

Heap
 PSYoungGen      total 66048K, used 55767K [0x00000007d5500000, 0x00000007e2300000, 0x0000000800000000)
  eden space 65536K, 84% used [0x00000007d5500000,0x00000007d8b5df10,0x00000007d9500000)
  from space 512K, 18% used [0x00000007e2280000,0x00000007e2298000,0x00000007e2300000)
  to   space 512K, 0% used [0x00000007e2200000,0x00000007e2200000,0x00000007e2280000)
 ParOldGen       total 87040K, used 29700K [0x0000000780000000, 0x0000000785500000, 0x00000007d5500000)
  object space 87040K, 34% used [0x0000000780000000,0x0000000781d01190,0x0000000785500000)
 PSPermGen       total 21504K, used 4232K [0x000000077ae00000, 0x000000077c300000, 0x0000000780000000)
  object space 21504K, 19% used [0x000000077ae00000,0x000000077b2223e8,0x000000077c300000)

Card table byte_map: [0x0000000109396000,0x00000001097c0000] byte_map_base: 0x00000001057bf000

Polling page: 0x0000000104fd9000

Code Cache  [0x00000001062d6000, 0x0000000106546000, 0x00000001092d6000)
 total_blobs=348 nmethods=111 adapters=191 free_code_cache=48456Kb largest_free_block=49584000

Compilation events (10 events):
Event: 96.360 Thread 0x00007fb6ba860800  107             gesture.About::actionAbout (126 bytes)
Event: 96.392 Thread 0x00007fb6ba860800 nmethod 107 0x0000000106364e10 code [0x0000000106365020, 0x00000001063655b0]
Event: 104.966 Thread 0x00007fb6ba857000  108             java.nio.DirectIntBufferU::ix (10 bytes)
Event: 104.967 Thread 0x00007fb6ba857000 nmethod 108 0x0000000106368310 code [0x0000000106368440, 0x00000001063684b8]
Event: 105.220 Thread 0x00007fb6ba860800  109             org.jsfml.graphics.Shape::draw (19 bytes)
Event: 105.226 Thread 0x00007fb6ba860800 nmethod 109 0x0000000106367e90 code [0x0000000106368000, 0x0000000106368158]
Event: 107.083 Thread 0x00007fb6ba857000  110             java.nio.MappedByteBuffer::<init> (15 bytes)
Event: 107.089 Thread 0x00007fb6ba857000 nmethod 110 0x00000001063679d0 code [0x0000000106367b20, 0x0000000106367c58]
Event: 119.085 Thread 0x00007fb6ba860800  111 %           gesture.Help::actionHelp @ 25 (102 bytes)
Event: 119.117 Thread 0x00007fb6ba860800 nmethod 111% 0x0000000106364250 code [0x0000000106364440, 0x0000000106364940]

GC Heap History (10 events):
Event: 121.766 GC heap before
{Heap before GC invocations=224 (full 0):
 PSYoungGen      total 76800K, used 76416K [0x00000007d5500000, 0x00000007e2300000, 0x0000000800000000)
  eden space 76288K, 100% used [0x00000007d5500000,0x00000007d9f80000,0x00000007d9f80000)
  from space 512K, 25% used [0x00000007e2200000,0x00000007e2220000,0x00000007e2280000)
  to   space 512K, 0% used [0x00000007e2280000,0x00000007e2280000,0x00000007e2300000)
 ParOldGen       total 87040K, used 29580K [0x0000000780000000, 0x0000000785500000, 0x00000007d5500000)
  object space 87040K, 33% used [0x0000000780000000,0x0000000781ce3190,0x0000000785500000)
 PSPermGen       total 21504K, used 4232K [0x000000077ae00000, 0x000000077c300000, 0x0000000780000000)
  object space 21504K, 19% used [0x000000077ae00000,0x000000077b222168,0x000000077c300000)
Event: 121.770 GC heap after
Heap after GC invocations=224 (full 0):
 PSYoungGen      total 74240K, used 128K [0x00000007d5500000, 0x00000007e2300000, 0x0000000800000000)
  eden space 73728K, 0% used [0x00000007d5500000,0x00000007d5500000,0x00000007d9d00000)
  from space 512K, 25% used [0x00000007e2280000,0x00000007e22a0000,0x00000007e2300000)
  to   space 512K, 0% used [0x00000007e2200000,0x00000007e2200000,0x00000007e2280000)
 ParOldGen       total 87040K, used 29612K [0x0000000780000000, 0x0000000785500000, 0x00000007d5500000)
  object space 87040K, 34% used [0x0000000780000000,0x0000000781ceb190,0x0000000785500000)
 PSPermGen       total 21504K, used 4232K [0x000000077ae00000, 0x000000077c300000, 0x0000000780000000)
  object space 21504K, 19% used [0x000000077ae00000,0x000000077b222168,0x000000077c300000)
}
Event: 122.200 GC heap before
{Heap before GC invocations=225 (full 0):
 PSYoungGen      total 74240K, used 73856K [0x00000007d5500000, 0x00000007e2300000, 0x0000000800000000)
  eden space 73728K, 100% used [0x00000007d5500000,0x00000007d9d00000,0x00000007d9d00000)
  from space 512K, 25% used [0x00000007e2280000,0x00000007e22a0000,0x00000007e2300000)
  to   space 512K, 0% used [0x00000007e2200000,0x00000007e2200000,0x00000007e2280000)
 ParOldGen       total 87040K, used 29612K [0x0000000780000000, 0x0000000785500000, 0x00000007d5500000)
  object space 87040K, 34% used [0x0000000780000000,0x0000000781ceb190,0x0000000785500000)
 PSPermGen       total 21504K, used 4232K [0x000000077ae00000, 0x000000077c300000, 0x0000000780000000)
  object space 21504K, 19% used [0x000000077ae00000,0x000000077b222168,0x000000077c300000)
Event: 122.203 GC heap after
Heap after GC invocations=225 (full 0):
 PSYoungGen      total 72192K, used 128K [0x00000007d5500000, 0x00000007e2300000, 0x0000000800000000)
  eden space 71680K, 0% used [0x00000007d5500000,0x00000007d5500000,0x00000007d9b00000)
  from space 512K, 25% used [0x00000007e2200000,0x00000007e2220000,0x00000007e2280000)
  to   space 512K, 0% used [0x00000007e2280000,0x00000007e2280000,0x00000007e2300000)
 ParOldGen       total 87040K, used 29636K [0x0000000780000000, 0x0000000785500000, 0x00000007d5500000)
  object space 87040K, 34% used [0x0000000780000000,0x0000000781cf1190,0x0000000785500000)
 PSPermGen       total 21504K, used 4232K [0x000000077ae00000, 0x000000077c300000, 0x0000000780000000)
  object space 21504K, 19% used [0x000000077ae00000,0x000000077b222168,0x000000077c300000)
}
Event: 122.537 GC heap before
{Heap before GC invocations=226 (full 0):
 PSYoungGen      total 72192K, used 71808K [0x00000007d5500000, 0x00000007e2300000, 0x0000000800000000)
  eden space 71680K, 100% used [0x00000007d5500000,0x00000007d9b00000,0x00000007d9b00000)
  from space 512K, 25% used [0x00000007e2200000,0x00000007e2220000,0x00000007e2280000)
  to   space 512K, 0% used [0x00000007e2280000,0x00000007e2280000,0x00000007e2300000)
 ParOldGen       total 87040K, used 29636K [0x0000000780000000, 0x0000000785500000, 0x00000007d5500000)
  object space 87040K, 34% used [0x0000000780000000,0x0000000781cf1190,0x0000000785500000)
 PSPermGen       total 21504K, used 4232K [0x000000077ae00000, 0x000000077c300000, 0x0000000780000000)
  object space 21504K, 19% used [0x000000077ae00000,0x000000077b222168,0x000000077c300000)
Event: 122.541 GC heap after
Heap after GC invocations=226 (full 0):
 PSYoungGen      total 70144K, used 128K [0x00000007d5500000, 0x00000007e2300000, 0x0000000800000000)
  eden space 69632K, 0% used [0x00000007d5500000,0x00000007d5500000,0x00000007d9900000)
  from space 512K, 25% used [0x00000007e2280000,0x00000007e22a0000,0x00000007e2300000)
  to   space 512K, 0% used [0x00000007e2200000,0x00000007e2200000,0x00000007e2280000)
 ParOldGen       total 87040K, used 29652K [0x0000000780000000, 0x0000000785500000, 0x00000007d5500000)
  object space 87040K, 34% used [0x0000000780000000,0x0000000781cf5190,0x0000000785500000)
 PSPermGen       total 21504K, used 4232K [0x000000077ae00000, 0x000000077c300000, 0x0000000780000000)
  object space 21504K, 19% used [0x000000077ae00000,0x000000077b222168,0x000000077c300000)
}
Event: 122.848 GC heap before
{Heap before GC invocations=227 (full 0):
 PSYoungGen      total 70144K, used 69760K [0x00000007d5500000, 0x00000007e2300000, 0x0000000800000000)
  eden space 69632K, 100% used [0x00000007d5500000,0x00000007d9900000,0x00000007d9900000)
  from space 512K, 25% used [0x00000007e2280000,0x00000007e22a0000,0x00000007e2300000)
  to   space 512K, 0% used [0x00000007e2200000,0x00000007e2200000,0x00000007e2280000)
 ParOldGen       total 87040K, used 29652K [0x0000000780000000, 0x0000000785500000, 0x00000007d5500000)
  object space 87040K, 34% used [0x0000000780000000,0x0000000781cf5190,0x0000000785500000)
 PSPermGen       total 21504K, used 4232K [0x000000077ae00000, 0x000000077c300000, 0x0000000780000000)
  object space 21504K, 19% used [0x000000077ae00000,0x000000077b222168,0x000000077c300000)
Event: 122.852 GC heap after
Heap after GC invocations=227 (full 0):
 PSYoungGen      total 68096K, used 96K [0x00000007d5500000, 0x00000007e2300000, 0x0000000800000000)
  eden space 67584K, 0% used [0x00000007d5500000,0x00000007d5500000,0x00000007d9700000)
  from space 512K, 18% used [0x00000007e2200000,0x00000007e2218000,0x00000007e2280000)
  to   space 512K, 0% used [0x00000007e2280000,0x00000007e2280000,0x00000007e2300000)
 ParOldGen       total 87040K, used 29676K [0x0000000780000000, 0x0000000785500000, 0x00000007d5500000)
  object space 87040K, 34% used [0x0000000780000000,0x0000000781cfb190,0x0000000785500000)
 PSPermGen       total 21504K, used 4232K [0x000000077ae00000, 0x000000077c300000, 0x0000000780000000)
  object space 21504K, 19% used [0x000000077ae00000,0x000000077b222168,0x000000077c300000)
}
Event: 123.168 GC heap before
{Heap before GC invocations=228 (full 0):
 PSYoungGen      total 68096K, used 67680K [0x00000007d5500000, 0x00000007e2300000, 0x0000000800000000)
  eden space 67584K, 100% used [0x00000007d5500000,0x00000007d9700000,0x00000007d9700000)
  from space 512K, 18% used [0x00000007e2200000,0x00000007e2218000,0x00000007e2280000)
  to   space 512K, 0% used [0x00000007e2280000,0x00000007e2280000,0x00000007e2300000)
 ParOldGen       total 87040K, used 29676K [0x0000000780000000, 0x0000000785500000, 0x00000007d5500000)
  object space 87040K, 34% used [0x0000000780000000,0x0000000781cfb190,0x0000000785500000)
 PSPermGen       total 21504K, used 4232K [0x000000077ae00000, 0x000000077c300000, 0x0000000780000000)
  object space 21504K, 19% used [0x000000077ae00000,0x000000077b222168,0x000000077c300000)
Event: 123.172 GC heap after
Heap after GC invocations=228 (full 0):
 PSYoungGen      total 66048K, used 96K [0x00000007d5500000, 0x00000007e2300000, 0x0000000800000000)
  eden space 65536K, 0% used [0x00000007d5500000,0x00000007d5500000,0x00000007d9500000)
  from space 512K, 18% used [0x00000007e2280000,0x00000007e2298000,0x00000007e2300000)
  to   space 512K, 0% used [0x00000007e2200000,0x00000007e2200000,0x00000007e2280000)
 ParOldGen       total 87040K, used 29700K [0x0000000780000000, 0x0000000785500000, 0x00000007d5500000)
  object space 87040K, 34% used [0x0000000780000000,0x0000000781d01190,0x0000000785500000)
 PSPermGen       total 21504K, used 4232K [0x000000077ae00000, 0x000000077c300000, 0x0000000780000000)
  object space 21504K, 19% used [0x000000077ae00000,0x000000077b222168,0x000000077c300000)
}

Deoptimization events (0 events):
No events

Internal exceptions (10 events):
Event: 0.257 Thread 0x00007fb6ba00e000 Threw 0x00000007d56d3ee0 at /HUDSON/workspace/7u-2-build-macosx-x86_64/jdk7u45/229/hotspot/src/share/vm/prims/jvm.cpp:1244
Event: 0.281 Thread 0x00007fb6ba00e000 Threw 0x00000007d56f2f58 at /HUDSON/workspace/7u-2-build-macosx-x86_64/jdk7u45/229/hotspot/src/share/vm/prims/jvm.cpp:1244
Event: 0.288 Thread 0x00007fb6ba00e000 Threw 0x00000007d56f7a38 at /HUDSON/workspace/7u-2-build-macosx-x86_64/jdk7u45/229/hotspot/src/share/vm/prims/jvm.cpp:1244
Event: 0.291 Thread 0x00007fb6ba00e000 Threw 0x00000007d56fd058 at /HUDSON/workspace/7u-2-build-macosx-x86_64/jdk7u45/229/hotspot/src/share/vm/prims/jvm.cpp:1244
Event: 0.298 Thread 0x00007fb6ba00e000 Threw 0x00000007d5868b10 at /HUDSON/workspace/7u-2-build-macosx-x86_64/jdk7u45/229/hotspot/src/share/vm/prims/jvm.cpp:1244
Event: 0.323 Thread 0x00007fb6ba00e000 Threw 0x00000007d5882790 at /HUDSON/workspace/7u-2-build-macosx-x86_64/jdk7u45/229/hotspot/src/share/vm/prims/jvm.cpp:1244
Event: 0.374 Thread 0x00007fb6ba00e000 Threw 0x00000007d5893468 at /HUDSON/workspace/7u-2-build-macosx-x86_64/jdk7u45/229/hotspot/src/share/vm/prims/jvm.cpp:1244
Event: 5.899 Thread 0x00007fb6ba8bf000 Threw 0x00000007d5719218 at /HUDSON/workspace/7u-2-build-macosx-x86_64/jdk7u45/229/hotspot/src/share/vm/prims/jvm.cpp:1244
Event: 5.911 Thread 0x00007fb6ba00e000 Threw 0x00000007d58dae78 at /HUDSON/workspace/7u-2-build-macosx-x86_64/jdk7u45/229/hotspot/src/share/vm/prims/jvm.cpp:1244
Event: 11.225 Thread 0x00007fb6bb0ae000 Threw 0x00000007d56bba78 at /HUDSON/workspace/7u-2-build-macosx-x86_64/jdk7u45/229/hotspot/src/share/vm/prims/jvm.cpp:1244

Events (10 events):
Event: 128.669 Thread 0x00007fb6be830800 Thread exited: 0x00007fb6be830800
Event: 129.663 Thread 0x00007fb6bb9ad800 Thread added: 0x00007fb6bb9ad800
Event: 129.663 Thread 0x00007fb6bb9ad800 Thread exited: 0x00007fb6bb9ad800
Event: 129.664 Thread 0x00007fb6bb9ad800 Thread added: 0x00007fb6bb9ad800
Event: 129.664 Thread 0x00007fb6bb9ad800 Thread exited: 0x00007fb6bb9ad800
Event: 129.668 Thread 0x00007fb6bb9ad800 Thread added: 0x00007fb6bb9ad800
Event: 129.668 Thread 0x00007fb6bb9ad800 Thread exited: 0x00007fb6bb9ad800
Event: 129.668 Thread 0x00007fb6bb9ad800 Thread added: 0x00007fb6bb9ad800
Event: 129.668 Thread 0x00007fb6bb9ad800 Thread exited: 0x00007fb6bb9ad800
Event: 129.673 Thread 0x00007fb6bb9ad800 Thread added: 0x00007fb6bb9ad800


Dynamic libraries:
0x000000000891b000 	/System/Library/Frameworks/Cocoa.framework/Versions/A/Cocoa
0x000000000891b000 	/System/Library/Frameworks/Security.framework/Versions/A/Security
0x000000000891b000 	/System/Library/Frameworks/ApplicationServices.framework/Versions/A/ApplicationServices
0x000000000891b000 	/usr/lib/libz.1.dylib
0x000000000891b000 	/usr/lib/libSystem.B.dylib
0x000000000891b000 	/usr/lib/libobjc.A.dylib
0x000000000891b000 	/System/Library/Frameworks/CoreFoundation.framework/Versions/A/CoreFoundation
0x000000000891b000 	/System/Library/Frameworks/Foundation.framework/Versions/C/Foundation
0x000000000891b000 	/System/Library/Frameworks/AppKit.framework/Versions/C/AppKit
0x000000000891b000 	/System/Library/Frameworks/CoreData.framework/Versions/A/CoreData
0x000000000891b000 	/System/Library/PrivateFrameworks/RemoteViewServices.framework/Versions/A/RemoteViewServices
0x000000000891b000 	/System/Library/Frameworks/AudioToolbox.framework/Versions/A/AudioToolbox
0x000000000891b000 	/System/Library/Frameworks/AudioUnit.framework/Versions/A/AudioUnit
0x000000000891b000 	/System/Library/PrivateFrameworks/DataDetectorsCore.framework/Versions/A/DataDetectorsCore
0x000000000891b000 	/System/Library/PrivateFrameworks/DesktopServicesPriv.framework/Versions/A/DesktopServicesPriv
0x000000000891b000 	/System/Library/Frameworks/Carbon.framework/Versions/A/Frameworks/HIToolbox.framework/Versions/A/HIToolbox
0x000000000891b000 	/System/Library/Frameworks/QuartzCore.framework/Versions/A/QuartzCore
0x000000000891b000 	/System/Library/Frameworks/Carbon.framework/Versions/A/Frameworks/SpeechRecognition.framework/Versions/A/SpeechRecognition
0x000000000891b000 	/usr/lib/libauto.dylib
0x000000000891b000 	/usr/lib/libicucore.A.dylib
0x000000000891b000 	/usr/lib/libxml2.2.dylib
0x000000000891b000 	/System/Library/PrivateFrameworks/CoreUI.framework/Versions/A/CoreUI
0x000000000891b000 	/System/Library/Frameworks/CoreAudio.framework/Versions/A/CoreAudio
0x000000000891b000 	/System/Library/Frameworks/DiskArbitration.framework/Versions/A/DiskArbitration
0x000000000891b000 	/usr/lib/liblangid.dylib
0x000000000891b000 	/System/Library/PrivateFrameworks/MultitouchSupport.framework/Versions/A/MultitouchSupport
0x000000000891b000 	/System/Library/Frameworks/IOKit.framework/Versions/A/IOKit
0x000000000891b000 	/usr/lib/libDiagnosticMessagesClient.dylib
0x000000000891b000 	/System/Library/Frameworks/CoreServices.framework/Versions/A/CoreServices
0x000000000891b000 	/System/Library/PrivateFrameworks/PerformanceAnalysis.framework/Versions/A/PerformanceAnalysis
0x000000000891b000 	/System/Library/PrivateFrameworks/GenerationalStorage.framework/Versions/A/GenerationalStorage
0x000000000891b000 	/System/Library/Frameworks/OpenGL.framework/Versions/A/OpenGL
0x000000000891b000 	/System/Library/PrivateFrameworks/Sharing.framework/Versions/A/Sharing
0x000000000891b000 	/System/Library/Frameworks/ImageIO.framework/Versions/A/ImageIO
0x000000000891b000 	/System/Library/Frameworks/CoreText.framework/Versions/A/CoreText
0x000000000891b000 	/System/Library/Frameworks/CoreGraphics.framework/Versions/A/CoreGraphics
0x000000000891b000 	/System/Library/PrivateFrameworks/Backup.framework/Versions/A/Backup
0x000000000891b000 	/System/Library/Frameworks/CFNetwork.framework/Versions/A/CFNetwork
0x000000000891b000 	/System/Library/Frameworks/SystemConfiguration.framework/Versions/A/SystemConfiguration
0x000000000891b000 	/usr/lib/libCRFSuite.dylib
0x000000000891b000 	/usr/lib/libc++.1.dylib
0x000000000891b000 	/usr/lib/libc++abi.dylib
0x000000000891b000 	/usr/lib/system/libcache.dylib
0x000000000891b000 	/usr/lib/system/libcommonCrypto.dylib
0x000000000891b000 	/usr/lib/system/libcompiler_rt.dylib
0x000000000891b000 	/usr/lib/system/libcopyfile.dylib
0x000000000891b000 	/usr/lib/system/libcorecrypto.dylib
0x000000000891b000 	/usr/lib/system/libdispatch.dylib
0x000000000891b000 	/usr/lib/system/libdyld.dylib
0x000000000891b000 	/usr/lib/system/libkeymgr.dylib
0x000000000891b000 	/usr/lib/system/liblaunch.dylib
0x000000000891b000 	/usr/lib/system/libmacho.dylib
0x000000000891b000 	/usr/lib/system/libquarantine.dylib
0x000000000891b000 	/usr/lib/system/libremovefile.dylib
0x000000000891b000 	/usr/lib/system/libsystem_asl.dylib
0x000000000891b000 	/usr/lib/system/libsystem_blocks.dylib
0x000000000891b000 	/usr/lib/system/libsystem_c.dylib
0x000000000891b000 	/usr/lib/system/libsystem_configuration.dylib
0x000000000891b000 	/usr/lib/system/libsystem_dnssd.dylib
0x000000000891b000 	/usr/lib/system/libsystem_info.dylib
0x000000000891b000 	/usr/lib/system/libsystem_kernel.dylib
0x000000000891b000 	/usr/lib/system/libsystem_m.dylib
0x000000000891b000 	/usr/lib/system/libsystem_malloc.dylib
0x000000000891b000 	/usr/lib/system/libsystem_network.dylib
0x000000000891b000 	/usr/lib/system/libsystem_notify.dylib
0x000000000891b000 	/usr/lib/system/libsystem_platform.dylib
0x000000000891b000 	/usr/lib/system/libsystem_pthread.dylib
0x000000000891b000 	/usr/lib/system/libsystem_sandbox.dylib
0x000000000891b000 	/usr/lib/system/libsystem_stats.dylib
0x000000000891b000 	/usr/lib/system/libunc.dylib
0x000000000891b000 	/usr/lib/system/libunwind.dylib
0x000000000891b000 	/usr/lib/system/libxpc.dylib
0x000000000891b000 	/usr/lib/libbsm.0.dylib
0x000000000891b000 	/usr/lib/libsqlite3.dylib
0x000000000891b000 	/usr/lib/libxar.1.dylib
0x000000000891b000 	/usr/lib/libpam.2.dylib
0x000000000891b000 	/usr/lib/libOpenScriptingUtil.dylib
0x000000000891b000 	/usr/lib/libbz2.1.0.dylib
0x000000000891b000 	/System/Library/Frameworks/CoreServices.framework/Versions/A/Frameworks/CarbonCore.framework/Versions/A/CarbonCore
0x000000000891b000 	/System/Library/Frameworks/CoreServices.framework/Versions/A/Frameworks/Metadata.framework/Versions/A/Metadata
0x000000000891b000 	/System/Library/Frameworks/CoreServices.framework/Versions/A/Frameworks/OSServices.framework/Versions/A/OSServices
0x000000000891b000 	/System/Library/Frameworks/CoreServices.framework/Versions/A/Frameworks/SearchKit.framework/Versions/A/SearchKit
0x000000000891b000 	/System/Library/Frameworks/CoreServices.framework/Versions/A/Frameworks/AE.framework/Versions/A/AE
0x000000000891b000 	/System/Library/Frameworks/CoreServices.framework/Versions/A/Frameworks/LaunchServices.framework/Versions/A/LaunchServices
0x000000000891b000 	/System/Library/Frameworks/CoreServices.framework/Versions/A/Frameworks/DictionaryServices.framework/Versions/A/DictionaryServices
0x000000000891b000 	/System/Library/Frameworks/NetFS.framework/Versions/A/NetFS
0x000000000891b000 	/usr/lib/system/libkxld.dylib
0x000000000891b000 	/System/Library/PrivateFrameworks/NetAuth.framework/Versions/A/NetAuth
0x000000000891b000 	/System/Library/PrivateFrameworks/TCC.framework/Versions/A/TCC
0x000000000891b000 	/System/Library/Frameworks/OpenDirectory.framework/Versions/A/Frameworks/CFOpenDirectory.framework/Versions/A/CFOpenDirectory
0x000000000891b000 	/System/Library/Frameworks/ServiceManagement.framework/Versions/A/ServiceManagement
0x000000000891b000 	/usr/lib/libxslt.1.dylib
0x000000000891b000 	/System/Library/Frameworks/Carbon.framework/Versions/A/Frameworks/Ink.framework/Versions/A/Ink
0x000000000891b000 	/System/Library/Frameworks/ApplicationServices.framework/Versions/A/Frameworks/ATS.framework/Versions/A/ATS
0x000000000891b000 	/System/Library/Frameworks/ApplicationServices.framework/Versions/A/Frameworks/ColorSync.framework/Versions/A/ColorSync
0x000000000891b000 	/System/Library/Frameworks/ApplicationServices.framework/Versions/A/Frameworks/HIServices.framework/Versions/A/HIServices
0x000000000891b000 	/System/Library/Frameworks/ApplicationServices.framework/Versions/A/Frameworks/LangAnalysis.framework/Versions/A/LangAnalysis
0x000000000891b000 	/System/Library/Frameworks/ApplicationServices.framework/Versions/A/Frameworks/PrintCore.framework/Versions/A/PrintCore
0x000000000891b000 	/System/Library/Frameworks/ApplicationServices.framework/Versions/A/Frameworks/QD.framework/Versions/A/QD
0x000000000891b000 	/System/Library/Frameworks/ApplicationServices.framework/Versions/A/Frameworks/SpeechSynthesis.framework/Versions/A/SpeechSynthesis
0x000000000891b000 	/System/Library/Frameworks/IOSurface.framework/Versions/A/IOSurface
0x000000000891b000 	/System/Library/Frameworks/Accelerate.framework/Versions/A/Accelerate
0x000000000891b000 	/System/Library/Frameworks/Accelerate.framework/Versions/A/Frameworks/vImage.framework/Versions/A/vImage
0x000000000891b000 	/System/Library/Frameworks/Accelerate.framework/Versions/A/Frameworks/vecLib.framework/Versions/A/vecLib
0x000000000891b000 	/System/Library/Frameworks/Accelerate.framework/Versions/A/Frameworks/vecLib.framework/Versions/A/libvDSP.dylib
0x000000000891b000 	/System/Library/Frameworks/Accelerate.framework/Versions/A/Frameworks/vecLib.framework/Versions/A/libvMisc.dylib
0x000000000891b000 	/System/Library/Frameworks/Accelerate.framework/Versions/A/Frameworks/vecLib.framework/Versions/A/libLAPACK.dylib
0x000000000891b000 	/System/Library/Frameworks/Accelerate.framework/Versions/A/Frameworks/vecLib.framework/Versions/A/libBLAS.dylib
0x000000000891b000 	/System/Library/Frameworks/ApplicationServices.framework/Versions/A/Frameworks/ATS.framework/Versions/A/Resources/libFontParser.dylib
0x000000000891b000 	/System/Library/Frameworks/ApplicationServices.framework/Versions/A/Frameworks/ATS.framework/Versions/A/Resources/libFontRegistry.dylib
0x000000000891b000 	/System/Library/Frameworks/ImageIO.framework/Versions/A/Resources/libJPEG.dylib
0x000000000891b000 	/System/Library/Frameworks/ImageIO.framework/Versions/A/Resources/libTIFF.dylib
0x000000000891b000 	/System/Library/Frameworks/ImageIO.framework/Versions/A/Resources/libPng.dylib
0x000000000891b000 	/System/Library/Frameworks/ImageIO.framework/Versions/A/Resources/libGIF.dylib
0x000000000891b000 	/System/Library/Frameworks/ImageIO.framework/Versions/A/Resources/libJP2.dylib
0x000000000891b000 	/System/Library/Frameworks/ImageIO.framework/Versions/A/Resources/libRadiance.dylib
0x000000000891b000 	/usr/lib/libcups.2.dylib
0x000000000891b000 	/System/Library/Frameworks/Kerberos.framework/Versions/A/Kerberos
0x000000000891b000 	/System/Library/Frameworks/GSS.framework/Versions/A/GSS
0x000000000891b000 	/usr/lib/libresolv.9.dylib
0x000000000891b000 	/usr/lib/libiconv.2.dylib
0x000000000891b000 	/System/Library/PrivateFrameworks/Heimdal.framework/Versions/A/Heimdal
0x000000000891b000 	/System/Library/PrivateFrameworks/TrustEvaluationAgent.framework/Versions/A/TrustEvaluationAgent
0x000000000891b000 	/usr/lib/libheimdal-asn1.dylib
0x000000000891b000 	/System/Library/Frameworks/OpenDirectory.framework/Versions/A/OpenDirectory
0x000000000891b000 	/System/Library/PrivateFrameworks/CommonAuth.framework/Versions/A/CommonAuth
0x000000000891b000 	/System/Library/Frameworks/SecurityFoundation.framework/Versions/A/SecurityFoundation
0x000000000891b000 	/System/Library/PrivateFrameworks/Bom.framework/Versions/A/Bom
0x000000000891b000 	/System/Library/Frameworks/CoreVideo.framework/Versions/A/CoreVideo
0x000000000891b000 	/System/Library/Frameworks/QuartzCore.framework/Versions/A/Frameworks/CoreImage.framework/Versions/A/CoreImage
0x000000000891b000 	/System/Library/Frameworks/QuartzCore.framework/Versions/A/Frameworks/ScalableUserInterface.framework/Versions/A/ScalableUserInterface
0x000000000891b000 	/System/Library/Frameworks/OpenGL.framework/Versions/A/Libraries/libGLU.dylib
0x000000000891b000 	/System/Library/Frameworks/OpenGL.framework/Versions/A/Libraries/libGFXShared.dylib
0x000000000891b000 	/System/Library/Frameworks/OpenGL.framework/Versions/A/Libraries/libGL.dylib
0x000000000891b000 	/System/Library/Frameworks/OpenGL.framework/Versions/A/Libraries/libGLImage.dylib
0x000000000891b000 	/System/Library/Frameworks/OpenGL.framework/Versions/A/Libraries/libCVMSPluginSupport.dylib
0x000000000891b000 	/System/Library/Frameworks/OpenGL.framework/Versions/A/Libraries/libCoreVMClient.dylib
0x000000000891b000 	/System/Library/PrivateFrameworks/FaceCore.framework/Versions/A/FaceCore
0x000000000891b000 	/System/Library/PrivateFrameworks/CrashReporterSupport.framework/Versions/A/CrashReporterSupport
0x000000000891b000 	/System/Library/Frameworks/OpenCL.framework/Versions/A/OpenCL
0x000000000891b000 	/System/Library/PrivateFrameworks/AppleFSCompression.framework/Versions/A/AppleFSCompression
0x000000000891b000 	/System/Library/PrivateFrameworks/Ubiquity.framework/Versions/A/Ubiquity
0x000000000891b000 	/System/Library/PrivateFrameworks/IconServices.framework/Versions/A/IconServices
0x000000000891b000 	/System/Library/PrivateFrameworks/ChunkingLibrary.framework/Versions/A/ChunkingLibrary
0x000000000891b000 	/System/Library/PrivateFrameworks/CoreSymbolication.framework/Versions/A/CoreSymbolication
0x000000000891b000 	/System/Library/PrivateFrameworks/Symbolication.framework/Versions/A/Symbolication
0x000000000891b000 	/System/Library/PrivateFrameworks/DebugSymbols.framework/Versions/A/DebugSymbols
0x0000000105800000 	/Library/Java/JavaVirtualMachines/jdk1.7.0_45.jdk/Contents/Home/jre/lib/server/libjvm.dylib
0x000000000891b000 	/usr/lib/libstdc++.6.dylib
0x0000000104f9c000 	/Library/Java/JavaVirtualMachines/jdk1.7.0_45.jdk/Contents/Home/jre/lib/libverify.dylib
0x0000000104fa9000 	/Library/Java/JavaVirtualMachines/jdk1.7.0_45.jdk/Contents/Home/jre/lib/libjava.dylib
0x0000000104fe2000 	/Library/Java/JavaVirtualMachines/jdk1.7.0_45.jdk/Contents/Home/jre/lib/libzip.dylib
0x000000010fb41000 	/System/Library/Frameworks/JavaVM.framework/Frameworks/JavaRuntimeSupport.framework/JavaRuntimeSupport
0x000000010fb59000 	/System/Library/Frameworks/JavaVM.framework/Versions/A/Frameworks/JavaNativeFoundation.framework/Versions/A/JavaNativeFoundation
0x0000000104fec000 	/System/Library/Frameworks/JavaVM.framework/Versions/A/JavaVM
0x000000000891b000 	/System/Library/Frameworks/Carbon.framework/Versions/A/Carbon
0x000000010fb6e000 	/System/Library/PrivateFrameworks/JavaLaunching.framework/Versions/A/JavaLaunching
0x000000000891b000 	/System/Library/Frameworks/Carbon.framework/Versions/A/Frameworks/CommonPanels.framework/Versions/A/CommonPanels
0x000000000891b000 	/System/Library/Frameworks/Carbon.framework/Versions/A/Frameworks/Help.framework/Versions/A/Help
0x000000000891b000 	/System/Library/Frameworks/Carbon.framework/Versions/A/Frameworks/ImageCapture.framework/Versions/A/ImageCapture
0x000000000891b000 	/System/Library/Frameworks/Carbon.framework/Versions/A/Frameworks/OpenScripting.framework/Versions/A/OpenScripting
0x000000000891b000 	/System/Library/Frameworks/Carbon.framework/Versions/A/Frameworks/Print.framework/Versions/A/Print
0x000000000891b000 	/System/Library/Frameworks/Carbon.framework/Versions/A/Frameworks/SecurityHI.framework/Versions/A/SecurityHI
0x00000001100f1000 	/Library/Java/JavaVirtualMachines/jdk1.7.0_45.jdk/Contents/Home/jre/lib/libnio.dylib
0x0000000110100000 	/Library/Java/JavaVirtualMachines/jdk1.7.0_45.jdk/Contents/Home/jre/lib/./libnet.dylib
0x000000011015d000 	/Users/benkiranemohamedali/.jsfml/macosx_universal/libfreetype.dylib
0x0000000110244000 	/Users/benkiranemohamedali/.jsfml/macosx_universal/libsndfile.dylib
0x0000000110614000 	/Users/benkiranemohamedali/.jsfml/macosx_universal/libsfml-system.dylib
0x0000000110621000 	/Users/benkiranemohamedali/.jsfml/macosx_universal/libsfml-window.dylib
0x000000011064b000 	/Users/benkiranemohamedali/.jsfml/macosx_universal/libsfml-graphics.dylib
0x0000000110706000 	/Users/benkiranemohamedali/.jsfml/macosx_universal/libsfml-audio.dylib
0x0000000110719000 	/System/Library/Frameworks/OpenAL.framework/Versions/A/OpenAL
0x000000011074f000 	/Users/benkiranemohamedali/.jsfml/macosx_universal/libjsfml.jnilib
0x000000000891b000 	/System/Library/Frameworks/OpenGL.framework/Versions/A/Resources/GLEngine.bundle/GLEngine
0x000000000891b000 	/System/Library/Frameworks/OpenGL.framework/Versions/A/Libraries/libGLProgrammability.dylib
0x0000000000000000 	/System/Library/Extensions/AppleIntelHD5000GraphicsGLDriver.bundle/Contents/MacOS/AppleIntelHD5000GraphicsGLDriver
0x000000000891b000 	/System/Library/PrivateFrameworks/IOAccelerator.framework/Versions/A/IOAccelerator
0x000000000891b000 	/System/Library/PrivateFrameworks/GPUSupport.framework/Versions/A/Libraries/libGPUSupportMercury.dylib
0x000000000891b000 	/System/Library/Frameworks/OpenGL.framework/Versions/A/Resources/GLRendererFloat.bundle/GLRendererFloat
0x000000000891b000 	/System/Library/Frameworks/OpenCL.framework/Versions/A/Libraries/libcldcpuengine.dylib
0x000000000891b000 	/System/Library/PrivateFrameworks/DiskImages.framework/Versions/A/DiskImages
0x000000000891b000 	/System/Library/Frameworks/DiscRecording.framework/Versions/A/DiscRecording
0x000000000891b000 	/usr/lib/libcsfde.dylib
0x000000000891b000 	/usr/lib/libcurl.4.dylib
0x000000000891b000 	/System/Library/PrivateFrameworks/MediaKit.framework/Versions/A/MediaKit
0x000000000891b000 	/usr/lib/libCoreStorage.dylib
0x000000000891b000 	/System/Library/PrivateFrameworks/EFILogin.framework/Versions/A/EFILogin
0x000000000891b000 	/usr/lib/libutil.dylib
0x000000000891b000 	/System/Library/PrivateFrameworks/AOSNotification.framework/Versions/A/AOSNotification
0x000000000891b000 	/System/Library/Frameworks/LDAP.framework/Versions/A/LDAP
0x000000000891b000 	/usr/lib/libsasl2.2.dylib
0x000000000891b000 	/usr/lib/libcrypto.0.9.8.dylib
0x000000000891b000 	/usr/lib/libssl.0.9.8.dylib
0x000000000891b000 	/System/Library/PrivateFrameworks/CoreServicesInternal.framework/Versions/A/CoreServicesInternal
0x000000000891b000 	/System/Library/PrivateFrameworks/Librarian.framework/Versions/A/Librarian
0x000000000891b000 	/System/Library/Frameworks/CoreGraphics.framework/Versions/A/Resources/libCGCMS.A.dylib
0x000000000891b000 	/System/Library/Frameworks/CoreGraphics.framework/Versions/A/Resources/libRIP.A.dylib
0x000000000891b000 	/System/Library/Frameworks/CoreGraphics.framework/Versions/A/Resources/libCGXType.A.dylib
0x000000011542b000 	/System/Library/Components/CoreAudio.component/Contents/MacOS/CoreAudio
0x000000011510c000 	/System/Library/Extensions/AppleHDA.kext/Contents/PlugIns/AppleHDAHALPlugIn.bundle/Contents/MacOS/AppleHDAHALPlugIn
0x000000000891b000 	/System/Library/PrivateFrameworks/FamilyControls.framework/Versions/A/FamilyControls
0x000000000891b000 	/System/Library/PrivateFrameworks/CommerceKit.framework/Versions/A/Frameworks/CommerceCore.framework/Versions/A/CommerceCore
0x000000000891b000 	/System/Library/PrivateFrameworks/SystemAdministration.framework/Versions/A/SystemAdministration
0x000000000891b000 	/System/Library/Frameworks/DirectoryService.framework/Versions/A/DirectoryService
0x000000000891b000 	/System/Library/PrivateFrameworks/LoginUIKit.framework/Versions/A/Frameworks/LoginUICore.framework/Versions/A/LoginUICore
0x000000000891b000 	/usr/lib/libodfde.dylib

VM Arguments:
jvm_args: -Dfile.encoding=UTF-8 
java_command: application.Main
Launcher Type: SUN_STANDARD

Environment Variables:
PATH=/usr/bin:/bin:/usr/sbin:/sbin
SHELL=/bin/bash

Signal Handlers:
SIGSEGV: [libjvm.dylib+0x525415], sa_mask[0]=0xfffefeff, sa_flags=0x00000043
SIGBUS: [libjvm.dylib+0x525415], sa_mask[0]=0xfffefeff, sa_flags=0x00000042
SIGFPE: [libjvm.dylib+0x41891a], sa_mask[0]=0xfffefeff, sa_flags=0x00000042
SIGPIPE: [libjvm.dylib+0x41891a], sa_mask[0]=0xfffefeff, sa_flags=0x00000042
SIGXFSZ: [libjvm.dylib+0x41891a], sa_mask[0]=0xfffefeff, sa_flags=0x00000042
SIGILL: [libjvm.dylib+0x41891a], sa_mask[0]=0xfffefeff, sa_flags=0x00000042
SIGUSR1: SIG_DFL, sa_mask[0]=0x00000000, sa_flags=0x00000002
SIGUSR2: [libjvm.dylib+0x41840c], sa_mask[0]=0x00000004, sa_flags=0x00000042
SIGHUP: [AudioToolbox+0xce3c4], sa_mask[0]=0x00000000, sa_flags=0x00000002
SIGINT: [libjvm.dylib+0x41669b], sa_mask[0]=0xfffefeff, sa_flags=0x00000042
SIGTERM: [libjvm.dylib+0x41669b], sa_mask[0]=0xfffefeff, sa_flags=0x00000042
SIGQUIT: [libjvm.dylib+0x41669b], sa_mask[0]=0xfffefeff, sa_flags=0x00000042


---------------  S Y S T E M  ---------------

OS:Bsduname:Darwin 13.1.0 Darwin Kernel Version 13.1.0: Thu Jan 16 19:40:37 PST 2014; root:xnu-2422.90.20~2/RELEASE_X86_64 x86_64
rlimit: STACK 8192k, CORE 0k, NPROC 709, NOFILE 10240, AS infinity
load average:3.25 2.62 2.35

CPU:total 4 (2 cores per cpu, 2 threads per core) family 6 model 69 stepping 1, cmov, cx8, fxsr, mmx, sse, sse2, sse3, ssse3, sse4.1, sse4.2, popcnt, avx, avx2, aes, erms, ht, tsc, tscinvbit

Memory: 4k page, physical 8388608k(2097152k free)

/proc/meminfo:


vm_info: Java HotSpot(TM) 64-Bit Server VM (24.45-b08) for bsd-amd64 JRE (1.7.0_45-b18), built on Oct  8 2013 05:54:16 by "java_re" with gcc 4.2.1 (Based on Apple Inc. build 5658) (LLVM build 2336.11.00)

time: Sun Mar  9 19:15:58 2014
elapsed time: 129 seconds

